<?xml version="1.0" encoding="UTF-8"?>
<!-- Generated by org.testng.reporters.JUnitXMLReporter -->
<testsuite ignored="0" hostname="Veerendras-MBP.cust.communityfibre.co.uk" failures="2" tests="5" name="Home_All" time="11.726" errors="0" timestamp="2024-03-28T17:35:08 GMT">
  <testcase classname="com.hollandbarrett.testcases.HomePageTest" name="testFindStoreLink" time="0.367"/>
  <testcase classname="com.hollandbarrett.testcases.HomePageTest" name="testHelpLink" time="0.545"/>
  <testcase classname="com.hollandbarrett.testcases.HomePageTest" name="testHomePageTitle" time="0.017"/>
  <testcase classname="com.hollandbarrett.testcases.HomePageTest" name="testHoverOverSignInLink" time="0.293">
    <failure type="java.lang.AssertionError" message="Actual URL does not contain the expected partial URL expected [true] but found [false]">
      <![CDATA[java.lang.AssertionError: Actual URL does not contain the expected partial URL expected [true] but found [false]
at com.hollandbarrett.testcases.HomePageTest.testHoverOverSignInLink(HomePageTest.java:96)
at java.base/java.util.ArrayList.forEach(ArrayList.java:1596)
at java.base/java.util.concurrent.FutureTask.run(FutureTask.java:317)
at java.base/java.util.concurrent.ThreadPoolExecutor.runWorker(ThreadPoolExecutor.java:1144)
at java.base/java.util.concurrent.ThreadPoolExecutor$Worker.run(ThreadPoolExecutor.java:642)
at java.base/java.lang.Thread.run(Thread.java:1583)
... Removed 19 stack frames]]>
    </failure>
  </testcase> <!-- testHoverOverSignInLink -->
  <testcase classname="com.hollandbarrett.testcases.HomePageTest" name="testHoverOverSignInLink" time="2.314">
    <failure type="java.lang.NullPointerException" message="Cannot invoke &amp;quot;org.openqa.selenium.TakesScreenshot.getScreenshotAs(org.openqa.selenium.OutputType)&amp;quot; because &amp;quot;ts&amp;quot; is null">
      <![CDATA[java.lang.NullPointerException: Cannot invoke "org.openqa.selenium.TakesScreenshot.getScreenshotAs(org.openqa.selenium.OutputType)" because "ts" is null
at com.hollandbarrett.base.BaseClass.getScreenshot(BaseClass.java:33)
at com.hollandbarrett.utility.Listeners.onTestFailure(Listeners.java:59)
at java.base/java.util.ArrayList.forEach(ArrayList.java:1596)
at java.base/java.util.concurrent.FutureTask.run(FutureTask.java:317)
at java.base/java.util.concurrent.ThreadPoolExecutor.runWorker(ThreadPoolExecutor.java:1144)
at java.base/java.util.concurrent.ThreadPoolExecutor$Worker.run(ThreadPoolExecutor.java:642)
at java.base/java.lang.Thread.run(Thread.java:1583)
... Removed 15 stack frames]]>
    </failure>
  </testcase> <!-- testHoverOverSignInLink -->
</testsuite> <!-- Home_All -->
