<?xml version="1.0" encoding="UTF-8"?>
<!-- Generated by org.testng.reporters.JUnitXMLReporter -->
<testsuite ignored="18" hostname="Veerendras-MBP" failures="4" tests="4" name="Tests" time="8.697" errors="0" timestamp="2024-03-25T10:21:00 GMT">
  <testcase classname="com.hollandbarrett.testcases.HomePageTest" name="testFindStoreLink" time="0.008">
    <failure type="java.lang.NullPointerException" message="Cannot invoke &amp;quot;com.hollandbarrett.pageobjects.HomePage.clickFindStoreLink()&amp;quot; because &amp;quot;this.homePage&amp;quot; is null">
      <![CDATA[java.lang.NullPointerException: Cannot invoke "com.hollandbarrett.pageobjects.HomePage.clickFindStoreLink()" because "this.homePage" is null
at com.hollandbarrett.testcases.HomePageTest.testFindStoreLink(HomePageTest.java:58)
at java.base/java.util.ArrayList.forEach(ArrayList.java:1596)
at java.base/java.util.concurrent.FutureTask.run(FutureTask.java:317)
at java.base/java.util.concurrent.ThreadPoolExecutor.runWorker(ThreadPoolExecutor.java:1144)
at java.base/java.util.concurrent.ThreadPoolExecutor$Worker.run(ThreadPoolExecutor.java:642)
at java.base/java.lang.Thread.run(Thread.java:1583)
... Removed 16 stack frames]]>
    </failure>
  </testcase> <!-- testFindStoreLink -->
  <testcase classname="com.hollandbarrett.testcases.HomePageTest" name="testHelpLink" time="0.001">
    <failure type="java.lang.NullPointerException" message="Cannot invoke &amp;quot;com.hollandbarrett.pageobjects.HomePage.clickHelpLink()&amp;quot; because &amp;quot;this.homePage&amp;quot; is null">
      <![CDATA[java.lang.NullPointerException: Cannot invoke "com.hollandbarrett.pageobjects.HomePage.clickHelpLink()" because "this.homePage" is null
at com.hollandbarrett.testcases.HomePageTest.testHelpLink(HomePageTest.java:67)
at java.base/java.util.ArrayList.forEach(ArrayList.java:1596)
at java.base/java.util.concurrent.FutureTask.run(FutureTask.java:317)
at java.base/java.util.concurrent.ThreadPoolExecutor.runWorker(ThreadPoolExecutor.java:1144)
at java.base/java.util.concurrent.ThreadPoolExecutor$Worker.run(ThreadPoolExecutor.java:642)
at java.base/java.lang.Thread.run(Thread.java:1583)
... Removed 16 stack frames]]>
    </failure>
  </testcase> <!-- testHelpLink -->
  <testcase classname="com.hollandbarrett.testcases.HomePageTest" name="testPromotionLink" time="0.001">
    <failure type="java.lang.NullPointerException" message="Cannot invoke &amp;quot;com.hollandbarrett.pageobjects.HomePage.clickShopNowLink()&amp;quot; because &amp;quot;this.homePage&amp;quot; is null">
      <![CDATA[java.lang.NullPointerException: Cannot invoke "com.hollandbarrett.pageobjects.HomePage.clickShopNowLink()" because "this.homePage" is null
at com.hollandbarrett.testcases.HomePageTest.testPromotionLink(HomePageTest.java:40)
at java.base/java.util.ArrayList.forEach(ArrayList.java:1596)
at java.base/java.util.concurrent.FutureTask.run(FutureTask.java:317)
at java.base/java.util.concurrent.ThreadPoolExecutor.runWorker(ThreadPoolExecutor.java:1144)
at java.base/java.util.concurrent.ThreadPoolExecutor$Worker.run(ThreadPoolExecutor.java:642)
at java.base/java.lang.Thread.run(Thread.java:1583)
... Removed 16 stack frames]]>
    </failure>
  </testcase> <!-- testPromotionLink -->
  <testcase classname="com.hollandbarrett.testcases.HomePageTest" name="testReedemInStoreLink" time="0.001">
    <failure type="java.lang.NullPointerException" message="Cannot invoke &amp;quot;com.hollandbarrett.pageobjects.HomePage.clickReedemInStoreLink()&amp;quot; because &amp;quot;this.homePage&amp;quot; is null">
      <![CDATA[java.lang.NullPointerException: Cannot invoke "com.hollandbarrett.pageobjects.HomePage.clickReedemInStoreLink()" because "this.homePage" is null
at com.hollandbarrett.testcases.HomePageTest.testReedemInStoreLink(HomePageTest.java:49)
at java.base/java.util.ArrayList.forEach(ArrayList.java:1596)
at java.base/java.util.concurrent.FutureTask.run(FutureTask.java:317)
at java.base/java.util.concurrent.ThreadPoolExecutor.runWorker(ThreadPoolExecutor.java:1144)
at java.base/java.util.concurrent.ThreadPoolExecutor$Worker.run(ThreadPoolExecutor.java:642)
at java.base/java.lang.Thread.run(Thread.java:1583)
... Removed 16 stack frames]]>
    </failure>
  </testcase> <!-- testReedemInStoreLink -->
  <testcase classname="com.hollandbarrett.testcases.AccountPageTest" name="testMyOrdersIcon" time="0.0">
    <ignored/>
  </testcase> <!-- testMyOrdersIcon -->
  <testcase classname="com.hollandbarrett.testcases.AccountPageTest" name="testMyFavouritesIcon" time="0.0">
    <ignored/>
  </testcase> <!-- testMyFavouritesIcon -->
  <testcase classname="com.hollandbarrett.testcases.SearchResultPageTest" name="testProductAvailability" time="0.0">
    <ignored/>
  </testcase> <!-- testProductAvailability -->
  <testcase classname="com.hollandbarrett.testcases.LoginPageTest" name="testInvalidLogin" time="0.0">
    <ignored/>
  </testcase> <!-- testInvalidLogin -->
  <testcase classname="com.hollandbarrett.testcases.HomePageTest" name="testBasketIcon" time="0.0">
    <ignored/>
  </testcase> <!-- testBasketIcon -->
  <testcase classname="com.hollandbarrett.testcases.HomePageTest" name="testLogoPresence" time="0.0">
    <ignored/>
  </testcase> <!-- testLogoPresence -->
  <testcase classname="com.hollandbarrett.testcases.HomePageTest" name="testHoverOverSignInLink" time="0.0">
    <ignored/>
  </testcase> <!-- testHoverOverSignInLink -->
  <testcase classname="com.hollandbarrett.testcases.LoginPageTest" name="testValidLogin" time="0.0">
    <ignored/>
  </testcase> <!-- testValidLogin -->
  <testcase classname="com.hollandbarrett.testcases.HomePageTest" name="testSearchFunctionality" time="0.0">
    <ignored/>
  </testcase> <!-- testSearchFunctionality -->
  <testcase classname="com.hollandbarrett.testcases.HomePageTest" name="testHomePageTitle" time="0.0">
    <ignored/>
  </testcase> <!-- testHomePageTitle -->
  <testcase classname="com.hollandbarrett.testcases.LoginPageTest" name="testsignupLink" time="0.0">
    <ignored/>
  </testcase> <!-- testsignupLink -->
  <testcase classname="com.hollandbarrett.testcases.HomePageTest" name="testHoverOverSignInLinkAndClickCreateAccount" time="0.0">
    <ignored/>
  </testcase> <!-- testHoverOverSignInLinkAndClickCreateAccount -->
  <testcase classname="com.hollandbarrett.testcases.SignupPageTest" name="testInvalidSignup" time="0.0">
    <ignored/>
  </testcase> <!-- testInvalidSignup -->
  <testcase classname="com.hollandbarrett.testcases.HomePageTest" name="testNavigateFromShopProductsToVitamins" time="0.0">
    <ignored/>
  </testcase> <!-- testNavigateFromShopProductsToVitamins -->
  <testcase classname="com.hollandbarrett.testcases.HomePageTest" name="testNavigateFromShopProductsToCbd" time="0.0">
    <ignored/>
  </testcase> <!-- testNavigateFromShopProductsToCbd -->
  <testcase classname="com.hollandbarrett.testcases.SignupPageTest" name="testValidSignup" time="0.0">
    <ignored/>
  </testcase> <!-- testValidSignup -->
  <testcase classname="com.hollandbarrett.testcases.HomePageTest" name="testHoverOverShopProducts" time="0.0">
    <ignored/>
  </testcase> <!-- testHoverOverShopProducts -->
  <testcase classname="com.hollandbarrett.testcases.HomePageTest" name="testNavigateFromShopProductsToCbdOil" time="0.0">
    <ignored/>
  </testcase> <!-- testNavigateFromShopProductsToCbdOil -->
</testsuite> <!-- Tests -->
